{"/Users/Dima/Documents/1. Programing/Нетология /3. Advansed_js_ajs/Netology_ajs_7_advanced_task_1/src/js/classes/Bowman.js": {"path":"/Users/Dima/Documents/1. Programing/Нетология /3. Advansed_js_ajs/Netology_ajs_7_advanced_task_1/src/js/classes/Bowman.js","statementMap":{"0":{"start":{"line":5,"column":4},"end":{"line":5,"column":26}},"1":{"start":{"line":6,"column":4},"end":{"line":6,"column":21}},"2":{"start":{"line":7,"column":4},"end":{"line":7,"column":22}}},"fnMap":{"0":{"name":"(anonymous_0)","decl":{"start":{"line":4,"column":2},"end":{"line":4,"column":3}},"loc":{"start":{"line":4,"column":20},"end":{"line":8,"column":3}},"line":4}},"branchMap":{},"s":{"0":2,"1":2,"2":2},"f":{"0":2},"b":{},"_coverageSchema":"1a1c01bbd47fc00a2c39e90264f33305004495a9","hash":"980c95c9a42732e621e6b36ecfef305dc5d03a1a"}
,"/Users/Dima/Documents/1. Programing/Нетология /3. Advansed_js_ajs/Netology_ajs_7_advanced_task_1/src/js/classes/Character.js": {"path":"/Users/Dima/Documents/1. Programing/Нетология /3. Advansed_js_ajs/Netology_ajs_7_advanced_task_1/src/js/classes/Character.js","statementMap":{"0":{"start":{"line":3,"column":21},"end":{"line":10,"column":5}},"1":{"start":{"line":12,"column":4},"end":{"line":14,"column":5}},"2":{"start":{"line":13,"column":6},"end":{"line":13,"column":61}},"3":{"start":{"line":16,"column":4},"end":{"line":18,"column":5}},"4":{"start":{"line":17,"column":6},"end":{"line":17,"column":52}},"5":{"start":{"line":19,"column":4},"end":{"line":19,"column":21}},"6":{"start":{"line":20,"column":4},"end":{"line":20,"column":21}},"7":{"start":{"line":21,"column":4},"end":{"line":21,"column":22}},"8":{"start":{"line":22,"column":4},"end":{"line":22,"column":19}},"9":{"start":{"line":23,"column":4},"end":{"line":23,"column":39}},"10":{"start":{"line":24,"column":4},"end":{"line":24,"column":41}},"11":{"start":{"line":28,"column":4},"end":{"line":35,"column":5}},"12":{"start":{"line":29,"column":6},"end":{"line":29,"column":22}},"13":{"start":{"line":30,"column":6},"end":{"line":30,"column":25}},"14":{"start":{"line":31,"column":6},"end":{"line":31,"column":26}},"15":{"start":{"line":32,"column":6},"end":{"line":32,"column":24}},"16":{"start":{"line":34,"column":6},"end":{"line":34,"column":56}},"17":{"start":{"line":39,"column":4},"end":{"line":39,"column":79}}},"fnMap":{"0":{"name":"(anonymous_0)","decl":{"start":{"line":2,"column":2},"end":{"line":2,"column":3}},"loc":{"start":{"line":2,"column":26},"end":{"line":25,"column":3}},"line":2},"1":{"name":"(anonymous_1)","decl":{"start":{"line":27,"column":2},"end":{"line":27,"column":3}},"loc":{"start":{"line":27,"column":12},"end":{"line":36,"column":3}},"line":27},"2":{"name":"(anonymous_2)","decl":{"start":{"line":38,"column":2},"end":{"line":38,"column":3}},"loc":{"start":{"line":38,"column":17},"end":{"line":40,"column":3}},"line":38}},"branchMap":{"0":{"loc":{"start":{"line":12,"column":4},"end":{"line":14,"column":5}},"type":"if","locations":[{"start":{"line":12,"column":4},"end":{"line":14,"column":5}},{"start":{},"end":{}}],"line":12},"1":{"loc":{"start":{"line":12,"column":8},"end":{"line":12,"column":45}},"type":"binary-expr","locations":[{"start":{"line":12,"column":8},"end":{"line":12,"column":24}},{"start":{"line":12,"column":28},"end":{"line":12,"column":45}}],"line":12},"2":{"loc":{"start":{"line":16,"column":4},"end":{"line":18,"column":5}},"type":"if","locations":[{"start":{"line":16,"column":4},"end":{"line":18,"column":5}},{"start":{},"end":{}}],"line":16},"3":{"loc":{"start":{"line":28,"column":4},"end":{"line":35,"column":5}},"type":"if","locations":[{"start":{"line":28,"column":4},"end":{"line":35,"column":5}},{"start":{"line":33,"column":11},"end":{"line":35,"column":5}}],"line":28}},"s":{"0":7,"1":7,"2":2,"3":5,"4":1,"5":4,"6":4,"7":4,"8":4,"9":4,"10":4,"11":2,"12":1,"13":1,"14":1,"15":1,"16":1,"17":2},"f":{"0":7,"1":2,"2":2},"b":{"0":[2,5],"1":[7,6],"2":[1,4],"3":[1,1]},"_coverageSchema":"1a1c01bbd47fc00a2c39e90264f33305004495a9","hash":"feb6c965b1addb613e42bd9ecdb2f170642446b2"}
,"/Users/Dima/Documents/1. Programing/Нетология /3. Advansed_js_ajs/Netology_ajs_7_advanced_task_1/src/js/classes/Validator.js": {"path":"/Users/Dima/Documents/1. Programing/Нетология /3. Advansed_js_ajs/Netology_ajs_7_advanced_task_1/src/js/classes/Validator.js","statementMap":{"0":{"start":{"line":3,"column":4},"end":{"line":3,"column":71}},"1":{"start":{"line":6,"column":0},"end":{"line":6,"column":47}},"2":{"start":{"line":7,"column":0},"end":{"line":7,"column":48}},"3":{"start":{"line":8,"column":0},"end":{"line":8,"column":50}}},"fnMap":{"0":{"name":"(anonymous_0)","decl":{"start":{"line":2,"column":2},"end":{"line":2,"column":3}},"loc":{"start":{"line":2,"column":31},"end":{"line":4,"column":3}},"line":2}},"branchMap":{},"s":{"0":10,"1":1,"2":1,"3":1},"f":{"0":10},"b":{},"_coverageSchema":"1a1c01bbd47fc00a2c39e90264f33305004495a9","hash":"c4209fa070e9bca7671a2d1e04709d715730cdaf"}
,"/Users/Dima/Documents/1. Programing/Нетология /3. Advansed_js_ajs/Netology_ajs_7_advanced_task_1/src/js/functions/orderByProps.js": {"path":"/Users/Dima/Documents/1. Programing/Нетология /3. Advansed_js_ajs/Netology_ajs_7_advanced_task_1/src/js/functions/orderByProps.js","statementMap":{"0":{"start":{"line":2,"column":22},"end":{"line":17,"column":1}},"1":{"start":{"line":3,"column":14},"end":{"line":3,"column":16}},"2":{"start":{"line":4,"column":2},"end":{"line":6,"column":3}},"3":{"start":{"line":5,"column":4},"end":{"line":5,"column":44}},"4":{"start":{"line":7,"column":26},"end":{"line":7,"column":70}},"5":{"start":{"line":7,"column":46},"end":{"line":7,"column":68}},"6":{"start":{"line":9,"column":23},"end":{"line":9,"column":25}},"7":{"start":{"line":11,"column":2},"end":{"line":15,"column":5}},"8":{"start":{"line":12,"column":4},"end":{"line":12,"column":62}},"9":{"start":{"line":12,"column":43},"end":{"line":12,"column":56}},"10":{"start":{"line":13,"column":4},"end":{"line":13,"column":61}},"11":{"start":{"line":13,"column":46},"end":{"line":13,"column":59}},"12":{"start":{"line":14,"column":4},"end":{"line":14,"column":37}},"13":{"start":{"line":16,"column":2},"end":{"line":16,"column":49}}},"fnMap":{"0":{"name":"(anonymous_0)","decl":{"start":{"line":2,"column":22},"end":{"line":2,"column":23}},"loc":{"start":{"line":2,"column":42},"end":{"line":17,"column":1}},"line":2},"1":{"name":"(anonymous_1)","decl":{"start":{"line":7,"column":35},"end":{"line":7,"column":36}},"loc":{"start":{"line":7,"column":46},"end":{"line":7,"column":68}},"line":7},"2":{"name":"(anonymous_2)","decl":{"start":{"line":11,"column":20},"end":{"line":11,"column":21}},"loc":{"start":{"line":11,"column":29},"end":{"line":15,"column":3}},"line":11},"3":{"name":"(anonymous_3)","decl":{"start":{"line":12,"column":35},"end":{"line":12,"column":36}},"loc":{"start":{"line":12,"column":43},"end":{"line":12,"column":56}},"line":12},"4":{"name":"(anonymous_4)","decl":{"start":{"line":13,"column":38},"end":{"line":13,"column":39}},"loc":{"start":{"line":13,"column":46},"end":{"line":13,"column":59}},"line":13}},"branchMap":{"0":{"loc":{"start":{"line":7,"column":46},"end":{"line":7,"column":68}},"type":"cond-expr","locations":[{"start":{"line":7,"column":62},"end":{"line":7,"column":63}},{"start":{"line":7,"column":66},"end":{"line":7,"column":68}}],"line":7}},"s":{"0":1,"1":1,"2":1,"3":5,"4":1,"5":9,"6":1,"7":1,"8":2,"9":9,"10":2,"11":9,"12":2,"13":1},"f":{"0":1,"1":9,"2":2,"3":9,"4":9},"b":{"0":[3,6]},"_coverageSchema":"1a1c01bbd47fc00a2c39e90264f33305004495a9","hash":"0d240d50a98db4031ec674c67c223ab4e95986ab"}
,"/Users/Dima/Documents/1. Programing/Нетология /3. Advansed_js_ajs/Netology_ajs_7_advanced_task_1/src/js/functions/showSpecialAttack.js": {"path":"/Users/Dima/Documents/1. Programing/Нетология /3. Advansed_js_ajs/Netology_ajs_7_advanced_task_1/src/js/functions/showSpecialAttack.js","statementMap":{"0":{"start":{"line":1,"column":26},"end":{"line":9,"column":1}},"1":{"start":{"line":2,"column":12},"end":{"line":2,"column":14}},"2":{"start":{"line":3,"column":22},"end":{"line":3,"column":25}},"3":{"start":{"line":4,"column":2},"end":{"line":7,"column":5}},"4":{"start":{"line":5,"column":68},"end":{"line":5,"column":71}},"5":{"start":{"line":6,"column":4},"end":{"line":6,"column":46}},"6":{"start":{"line":8,"column":2},"end":{"line":8,"column":13}}},"fnMap":{"0":{"name":"(anonymous_0)","decl":{"start":{"line":1,"column":26},"end":{"line":1,"column":27}},"loc":{"start":{"line":1,"column":35},"end":{"line":9,"column":1}},"line":1},"1":{"name":"(anonymous_1)","decl":{"start":{"line":4,"column":18},"end":{"line":4,"column":19}},"loc":{"start":{"line":4,"column":27},"end":{"line":7,"column":3}},"line":4}},"branchMap":{"0":{"loc":{"start":{"line":5,"column":28},"end":{"line":5,"column":63}},"type":"default-arg","locations":[{"start":{"line":5,"column":42},"end":{"line":5,"column":63}}],"line":5}},"s":{"0":1,"1":1,"2":1,"3":1,"4":2,"5":2,"6":1},"f":{"0":1,"1":2},"b":{"0":[1]},"_coverageSchema":"1a1c01bbd47fc00a2c39e90264f33305004495a9","hash":"002a559f4e1b05320fa6987ce74b7f98ab3ca868"}
}
